Using pre-set license
Built from '2022.3/release' branch; Version is '2022.3.18f1 (d29bea25151d) revision 13802474'; Using compiler version '192829333'; Build Type 'Release'
OS: 'Windows 11  (10.0.22631) 64bit Core' Language: 'en' Physical Memory: 15724 MB
BatchMode: 1, IsHumanControllingUs: 0, StartBugReporterOnCrash: 0, Is64bit: 1, IsPro: 1

COMMAND LINE ARGUMENTS:
C:\Program Files\Unity\Hub\Editor\2022.3.18f1\Editor\Unity.exe
-adb2
-batchMode
-noUpm
-name
AssetImportWorker2
-projectPath
C:/Data/Game Center MFA/Fall Semester 2024/Thesis class folder/Thesis
-logFile
Logs/AssetImportWorker2.log
-srvPort
62049
Successfully changed project path to: C:/Data/Game Center MFA/Fall Semester 2024/Thesis class folder/Thesis
C:/Data/Game Center MFA/Fall Semester 2024/Thesis class folder/Thesis
[UnityMemory] Configuration Parameters - Can be set up in boot.config
    "memorysetup-bucket-allocator-granularity=16"
    "memorysetup-bucket-allocator-bucket-count=8"
    "memorysetup-bucket-allocator-block-size=33554432"
    "memorysetup-bucket-allocator-block-count=8"
    "memorysetup-main-allocator-block-size=16777216"
    "memorysetup-thread-allocator-block-size=16777216"
    "memorysetup-gfx-main-allocator-block-size=16777216"
    "memorysetup-gfx-thread-allocator-block-size=16777216"
    "memorysetup-cache-allocator-block-size=4194304"
    "memorysetup-typetree-allocator-block-size=2097152"
    "memorysetup-profiler-bucket-allocator-granularity=16"
    "memorysetup-profiler-bucket-allocator-bucket-count=8"
    "memorysetup-profiler-bucket-allocator-block-size=33554432"
    "memorysetup-profiler-bucket-allocator-block-count=8"
    "memorysetup-profiler-allocator-block-size=16777216"
    "memorysetup-profiler-editor-allocator-block-size=1048576"
    "memorysetup-temp-allocator-size-main=16777216"
    "memorysetup-job-temp-allocator-block-size=2097152"
    "memorysetup-job-temp-allocator-block-size-background=1048576"
    "memorysetup-job-temp-allocator-reduction-small-platforms=262144"
    "memorysetup-allocator-temp-initial-block-size-main=262144"
    "memorysetup-allocator-temp-initial-block-size-worker=262144"
    "memorysetup-temp-allocator-size-background-worker=32768"
    "memorysetup-temp-allocator-size-job-worker=262144"
    "memorysetup-temp-allocator-size-preload-manager=33554432"
    "memorysetup-temp-allocator-size-nav-mesh-worker=65536"
    "memorysetup-temp-allocator-size-audio-worker=65536"
    "memorysetup-temp-allocator-size-cloud-worker=32768"
    "memorysetup-temp-allocator-size-gi-baking-worker=262144"
    "memorysetup-temp-allocator-size-gfx=262144"
Player connection [14648] Host "[IP] 10.18.140.79 [Port] 0 [Flags] 2 [Guid] 4170963841 [EditorId] 4170963841 [Version] 1048832 [Id] WindowsEditor(7,Mothtop) [Debug] 1 [PackageName] WindowsEditor [ProjectName] Editor" joined multi-casting on [225.0.0.222:54997]...

Player connection [14648] Host "[IP] 10.18.140.79 [Port] 0 [Flags] 2 [Guid] 4170963841 [EditorId] 4170963841 [Version] 1048832 [Id] WindowsEditor(7,Mothtop) [Debug] 1 [PackageName] WindowsEditor [ProjectName] Editor" joined alternative multi-casting on [225.0.0.222:34997]...

[Physics::Module] Initialized MultithreadedJobDispatcher with 15 workers.
Refreshing native plugins compatible for Editor in 27.91 ms, found 4 plugins.
Preloading 0 native plugins for Editor in 0.00 ms.
Initialize engine version: 2022.3.18f1 (d29bea25151d)
[Subsystems] Discovering subsystems at path C:/Program Files/Unity/Hub/Editor/2022.3.18f1/Editor/Data/Resources/UnitySubsystems
[Subsystems] Discovering subsystems at path C:/Data/Game Center MFA/Fall Semester 2024/Thesis class folder/Thesis/Assets
GfxDevice: creating device client; threaded=0; jobified=0
Direct3D:
    Version:  Direct3D 11.0 [level 11.1]
    Renderer: NVIDIA GeForce RTX 3050 Ti Laptop GPU (ID=0x25a0)
    Vendor:   NVIDIA
    VRAM:     3990 MB
    Driver:   30.0.15.1274
Initialize mono
Mono path[0] = 'C:/Program Files/Unity/Hub/Editor/2022.3.18f1/Editor/Data/Managed'
Mono path[1] = 'C:/Program Files/Unity/Hub/Editor/2022.3.18f1/Editor/Data/MonoBleedingEdge/lib/mono/unityjit-win32'
Mono config path = 'C:/Program Files/Unity/Hub/Editor/2022.3.18f1/Editor/Data/MonoBleedingEdge/etc'
Using monoOptions --debugger-agent=transport=dt_socket,embedding=1,server=y,suspend=n,address=127.0.0.1:56036
Begin MonoManager ReloadAssembly
Registering precompiled unity dll's ...
Register platform support module: C:/Program Files/Unity/Hub/Editor/2022.3.18f1/Editor/Data/PlaybackEngines/WebGLSupport/UnityEditor.WebGL.Extensions.dll
Register platform support module: C:/Program Files/Unity/Hub/Editor/2022.3.18f1/Editor/Data/PlaybackEngines/MacStandaloneSupport/UnityEditor.OSXStandalone.Extensions.dll
Register platform support module: C:/Program Files/Unity/Hub/Editor/2022.3.18f1/Editor/Data/PlaybackEngines/WindowsStandaloneSupport/UnityEditor.WindowsStandalone.Extensions.dll
Registered in 0.014760 seconds.
- Loaded All Assemblies, in  0.686 seconds
Native extension for WindowsStandalone target not found
Native extension for OSXStandalone target not found
Native extension for WebGL target not found
Mono: successfully reloaded assembly
- Finished resetting the current domain, in  0.340 seconds
Domain Reload Profiling: 1024ms
	BeginReloadAssembly (280ms)
		ExecutionOrderSort (0ms)
		DisableScriptedObjects (0ms)
		BackupInstance (0ms)
		ReleaseScriptingObjects (0ms)
		CreateAndSetChildDomain (1ms)
	RebuildCommonClasses (54ms)
	RebuildNativeTypeToScriptingClass (10ms)
	initialDomainReloadingComplete (85ms)
	LoadAllAssembliesAndSetupDomain (255ms)
		LoadAssemblies (281ms)
		RebuildTransferFunctionScriptingTraits (0ms)
		AnalyzeDomain (249ms)
			TypeCache.Refresh (248ms)
				TypeCache.ScanAssembly (219ms)
			ScanForSourceGeneratedMonoScriptInfo (1ms)
			ResolveRequiredComponents (1ms)
	FinalizeReload (341ms)
		ReleaseScriptCaches (0ms)
		RebuildScriptCaches (0ms)
		SetupLoadedEditorAssemblies (272ms)
			LogAssemblyErrors (0ms)
			InitializePlatformSupportModulesInManaged (14ms)
			SetLoadedEditorAssemblies (6ms)
			RefreshPlugins (0ms)
			BeforeProcessingInitializeOnLoad (2ms)
			ProcessInitializeOnLoadAttributes (178ms)
			ProcessInitializeOnLoadMethodAttributes (71ms)
			AfterProcessingInitializeOnLoad (0ms)
			EditorAssembliesLoaded (0ms)
		ExecutionOrderSort2 (0ms)
		AwakeInstancesAfterBackupRestoration (0ms)
========================================================================
Worker process is ready to serve import requests
Begin MonoManager ReloadAssembly
- Loaded All Assemblies, in  1.295 seconds
Refreshing native plugins compatible for Editor in 10.10 ms, found 4 plugins.
Native extension for WindowsStandalone target not found
Native extension for OSXStandalone target not found
Native extension for WebGL target not found
Package Manager log level set to [2]
[Package Manager] Server::EnsureServerProcessIsRunning -- launch failed, reason: Unity was launched with the -noUpm command-line argument
[Package Manager] UpmClient::Send -- Unable to send message (not connected to UPM process).
[Package Manager] Cannot connect to Unity Package Manager local server
Mono: successfully reloaded assembly
- Finished resetting the current domain, in  1.126 seconds
Domain Reload Profiling: 2418ms
	BeginReloadAssembly (162ms)
		ExecutionOrderSort (0ms)
		DisableScriptedObjects (6ms)
		BackupInstance (0ms)
		ReleaseScriptingObjects (0ms)
		CreateAndSetChildDomain (26ms)
	RebuildCommonClasses (47ms)
	RebuildNativeTypeToScriptingClass (15ms)
	initialDomainReloadingComplete (53ms)
	LoadAllAssembliesAndSetupDomain (1015ms)
		LoadAssemblies (657ms)
		RebuildTransferFunctionScriptingTraits (0ms)
		AnalyzeDomain (453ms)
			TypeCache.Refresh (403ms)
				TypeCache.ScanAssembly (376ms)
			ScanForSourceGeneratedMonoScriptInfo (34ms)
			ResolveRequiredComponents (14ms)
	FinalizeReload (1127ms)
		ReleaseScriptCaches (0ms)
		RebuildScriptCaches (0ms)
		SetupLoadedEditorAssemblies (911ms)
			LogAssemblyErrors (0ms)
			InitializePlatformSupportModulesInManaged (11ms)
			SetLoadedEditorAssemblies (5ms)
			RefreshPlugins (0ms)
			BeforeProcessingInitializeOnLoad (105ms)
			ProcessInitializeOnLoadAttributes (725ms)
			ProcessInitializeOnLoadMethodAttributes (58ms)
			AfterProcessingInitializeOnLoad (6ms)
			EditorAssembliesLoaded (0ms)
		ExecutionOrderSort2 (0ms)
		AwakeInstancesAfterBackupRestoration (5ms)
Launched and connected shader compiler UnityShaderCompiler.exe after 0.09 seconds
Refreshing native plugins compatible for Editor in 15.01 ms, found 4 plugins.
Preloading 0 native plugins for Editor in 0.00 ms.
Unloading 6737 Unused Serialized files (Serialized files now loaded: 0)
Unloading 129 unused Assets / (2.9 MB). Loaded Objects now: 7157.
Memory consumption went from 273.8 MB to 270.9 MB.
Total: 6.764000 ms (FindLiveObjects: 0.724300 ms CreateObjectMapping: 0.299900 ms MarkObjects: 4.703700 ms  DeleteObjects: 1.034400 ms)

AssetImportParameters requested are different than current active one (requested -> active):
  custom:container-demuxer-ogg: 62fdf1f143b41e24485cea50d1cbac27 -> 
  custom:framework-win-MediaFoundation: 216162199b28c13a410421893ffa2e32 -> 
  custom:container-muxer-webm: aa71ff27fc2769a1b78a27578f13a17b -> 
  custom:video-decoder-webm-vp8: 9c59270c3fd7afecdb556c50c9e8de78 -> 
  custom:SearchIndexIgnoredProperties: e643bd26f0fe6173181afceb89e7c659 -> 
  custom:AudioImporter_EditorPlatform: d09bf68614088b80899f8185d706f6e7 -> 
  custom:audio-decoder-ogg-vorbis: bf7c407c2cedff20999df2af8eb42d56 -> 
  custom:audio-encoder-webm-vorbis: bf7c407c2cedff20999df2af8eb42d56 -> 
  custom:video-decoder-ogg-theora: a1e56fd34408186e4bbccfd4996cb3dc -> 
  custom:CustomObjectIndexerAttribute: 0f5f72dab822025b0759b197a3119d15 -> 
  custom:container-demuxer-webm: 4f35f7cbe854078d1ac9338744f61a02 -> 
  custom:video-encoder-webm-vp8: eb34c28f22e8b96e1ab97ce403110664 -> 
========================================================================
Received Import Request.
  Time since last request: 1241911.539276 seconds.
  path: Assets/Resources/MaterialAssets/Sprites/UI/SHEETMUSIC.png
  artifactKey: Guid(e2a77258e17c5442a8f81a3a69ed91b8) Importer(815301076,1909f56bfc062723c751e8b465ee728b)
Start importing Assets/Resources/MaterialAssets/Sprites/UI/SHEETMUSIC.png using Guid(e2a77258e17c5442a8f81a3a69ed91b8) Importer(815301076,1909f56bfc062723c751e8b465ee728b)  -> (artifact id: '41c1aca29a91563301f779e49ce240fd') in 0.139561 seconds
Number of updated asset objects reloaded before import = 0
Number of asset objects unloaded after import = 3
========================================================================
Received Import Request.
  Time since last request: 0.000039 seconds.
  path: Assets/Resources/MaterialAssets/Sprites/UI/EyelidBottom.png
  artifactKey: Guid(7dffb6124b8454be7b06e16250fa43a8) Importer(815301076,1909f56bfc062723c751e8b465ee728b)
Start importing Assets/Resources/MaterialAssets/Sprites/UI/EyelidBottom.png using Guid(7dffb6124b8454be7b06e16250fa43a8) Importer(815301076,1909f56bfc062723c751e8b465ee728b)  -> (artifact id: '3c6f5315f90b72ea4b0d91992ae343fd') in 0.030979 seconds
Number of updated asset objects reloaded before import = 0
Number of asset objects unloaded after import = 3
========================================================================
Received Import Request.
  Time since last request: 0.000019 seconds.
  path: Assets/Resources/MaterialAssets/Sprites/UI/mist.png
  artifactKey: Guid(7dad095747aac4630bfaf8309447e1b6) Importer(815301076,1909f56bfc062723c751e8b465ee728b)
Start importing Assets/Resources/MaterialAssets/Sprites/UI/mist.png using Guid(7dad095747aac4630bfaf8309447e1b6) Importer(815301076,1909f56bfc062723c751e8b465ee728b)  -> (artifact id: 'eb7e3d77b859187506e75626e24b5d88') in 0.024229 seconds
Number of updated asset objects reloaded before import = 0
Number of asset objects unloaded after import = 3
========================================================================
Received Import Request.
  Time since last request: 0.000019 seconds.
  path: Assets/Resources/MaterialAssets/Sprites/crosshaircursor32.png
  artifactKey: Guid(c6f71fa18ee734eed9fcef6376e3dfa5) Importer(815301076,1909f56bfc062723c751e8b465ee728b)
Start importing Assets/Resources/MaterialAssets/Sprites/crosshaircursor32.png using Guid(c6f71fa18ee734eed9fcef6376e3dfa5) Importer(815301076,1909f56bfc062723c751e8b465ee728b)  -> (artifact id: 'c6af38448ae731763475345aaa563c85') in 0.018243 seconds
Number of updated asset objects reloaded before import = 0
Number of asset objects unloaded after import = 1
========================================================================
Received Import Request.
  Time since last request: 0.000023 seconds.
  path: Assets/Resources/MaterialAssets/Sprites/3dflower.png
  artifactKey: Guid(d8b0349db83f8402b98d52dce15085c5) Importer(815301076,1909f56bfc062723c751e8b465ee728b)
Start importing Assets/Resources/MaterialAssets/Sprites/3dflower.png using Guid(d8b0349db83f8402b98d52dce15085c5) Importer(815301076,1909f56bfc062723c751e8b465ee728b)  -> (artifact id: '7b5a879fc5e90815c7857a8df3b26771') in 0.029388 seconds
Number of updated asset objects reloaded before import = 0
Number of asset objects unloaded after import = 3
========================================================================
Received Import Request.
  Time since last request: 0.000018 seconds.
  path: Assets/Resources/MaterialAssets/Sprites/chainbw.png
  artifactKey: Guid(19fb43df86ade4c9ebf22668cdf6a0e4) Importer(815301076,1909f56bfc062723c751e8b465ee728b)
Start importing Assets/Resources/MaterialAssets/Sprites/chainbw.png using Guid(19fb43df86ade4c9ebf22668cdf6a0e4) Importer(815301076,1909f56bfc062723c751e8b465ee728b)  -> (artifact id: '0d8d88c9ef64aee1e2c5262368fea572') in 0.028471 seconds
Number of updated asset objects reloaded before import = 0
Number of asset objects unloaded after import = 3
========================================================================
Received Import Request.
  Time since last request: 0.000021 seconds.
  path: Assets/Resources/MaterialAssets/Sprites/UI/light_02.png
  artifactKey: Guid(9d56a48ddcf9b470aa350990a68ca893) Importer(815301076,1909f56bfc062723c751e8b465ee728b)
Start importing Assets/Resources/MaterialAssets/Sprites/UI/light_02.png using Guid(9d56a48ddcf9b470aa350990a68ca893) Importer(815301076,1909f56bfc062723c751e8b465ee728b)  -> (artifact id: 'b6bf58ff8446740e3608b7db6bc7fc1f') in 0.027873 seconds
Number of updated asset objects reloaded before import = 0
Number of asset objects unloaded after import = 3
========================================================================
Received Import Request.
  Time since last request: 0.000023 seconds.
  path: Assets/Resources/MaterialAssets/Sprites/UI/musicboxwith.png
  artifactKey: Guid(7671b0df5f6f42043befd2fa0e0314ac) Importer(815301076,1909f56bfc062723c751e8b465ee728b)
Start importing Assets/Resources/MaterialAssets/Sprites/UI/musicboxwith.png using Guid(7671b0df5f6f42043befd2fa0e0314ac) Importer(815301076,1909f56bfc062723c751e8b465ee728b)  -> (artifact id: 'e5dbe27628d1b4501daca825c7ff007f') in 0.026241 seconds
Number of updated asset objects reloaded before import = 0
Number of asset objects unloaded after import = 3
========================================================================
Received Import Request.
  Time since last request: 0.000030 seconds.
  path: Assets/Resources/MaterialAssets/Sprites/UI/fullblink.png
  artifactKey: Guid(f3afb45caaac94ef492a971756975064) Importer(815301076,1909f56bfc062723c751e8b465ee728b)
Start importing Assets/Resources/MaterialAssets/Sprites/UI/fullblink.png using Guid(f3afb45caaac94ef492a971756975064) Importer(815301076,1909f56bfc062723c751e8b465ee728b)  -> (artifact id: '851195fe30e0c95b56140a55a506526b') in 0.026813 seconds
Number of updated asset objects reloaded before import = 0
Number of asset objects unloaded after import = 3
========================================================================
Received Import Request.
  Time since last request: 6.557346 seconds.
  path: Assets/Resources/MaterialAssets/Sprites/UI/PlaceholderCards
  artifactKey: Guid(e5ebca02921926a448541af46495d975) Importer(815301076,1909f56bfc062723c751e8b465ee728b)
Start importing Assets/Resources/MaterialAssets/Sprites/UI/PlaceholderCards using Guid(e5ebca02921926a448541af46495d975) Importer(815301076,1909f56bfc062723c751e8b465ee728b)  -> (artifact id: 'b3bb3fa6aad084dcce5f486937062586') in 0.000714 seconds
Number of updated asset objects reloaded before import = 0
Number of asset objects unloaded after import = 0
========================================================================
Received Import Request.
  Time since last request: 42.720750 seconds.
  path: Assets/Resources/MaterialAssets/Sprites/UI/PlaceholderCards/the fool.png
  artifactKey: Guid(ccd096202ba9cb84aaf357b664c7473a) Importer(815301076,1909f56bfc062723c751e8b465ee728b)
Start importing Assets/Resources/MaterialAssets/Sprites/UI/PlaceholderCards/the fool.png using Guid(ccd096202ba9cb84aaf357b664c7473a) Importer(815301076,1909f56bfc062723c751e8b465ee728b)  -> (artifact id: 'ba6decd6f3c12dd6cd3ee83f949332c6') in 0.029328 seconds
Number of updated asset objects reloaded before import = 0
Number of asset objects unloaded after import = 2
========================================================================
Received Import Request.
  Time since last request: 36.771240 seconds.
  path: Assets/Resources/MaterialAssets/Sprites/Characters/2heads.png
  artifactKey: Guid(127e5d5d8a90a4054a4d5c29d8c00de2) Importer(815301076,1909f56bfc062723c751e8b465ee728b)
Start importing Assets/Resources/MaterialAssets/Sprites/Characters/2heads.png using Guid(127e5d5d8a90a4054a4d5c29d8c00de2) Importer(815301076,1909f56bfc062723c751e8b465ee728b)  -> (artifact id: '18b9338b5e67a31dc5ce428e63347417') in 0.026687 seconds
Number of updated asset objects reloaded before import = 0
Number of asset objects unloaded after import = 3
========================================================================
Received Import Request.
  Time since last request: 0.000044 seconds.
  path: Assets/Resources/MaterialAssets/Sprites/Overworld/arch.png
  artifactKey: Guid(8472a987c63544e529d265c9f4b37abb) Importer(815301076,1909f56bfc062723c751e8b465ee728b)
Start importing Assets/Resources/MaterialAssets/Sprites/Overworld/arch.png using Guid(8472a987c63544e529d265c9f4b37abb) Importer(815301076,1909f56bfc062723c751e8b465ee728b)  -> (artifact id: 'e2d44e86c5ea743e8fabb16a7c29094a') in 0.035442 seconds
Number of updated asset objects reloaded before import = 0
Number of asset objects unloaded after import = 3
========================================================================
Received Import Request.
  Time since last request: 0.000033 seconds.
  path: Assets/Resources/Characters/Fen/fensitting.png
  artifactKey: Guid(a5cca5c51b1224804b2f2e7e9403788a) Importer(815301076,1909f56bfc062723c751e8b465ee728b)
Start importing Assets/Resources/Characters/Fen/fensitting.png using Guid(a5cca5c51b1224804b2f2e7e9403788a) Importer(815301076,1909f56bfc062723c751e8b465ee728b)  -> (artifact id: 'ac200840b2389244691d4da05cada6ea') in 0.037633 seconds
Number of updated asset objects reloaded before import = 0
Number of asset objects unloaded after import = 3
========================================================================
Received Import Request.
  Time since last request: 0.000023 seconds.
  path: Assets/Resources/Characters/Fen/divinercolorway1.png
  artifactKey: Guid(982858843ab034becb7d6e8d4382f791) Importer(815301076,1909f56bfc062723c751e8b465ee728b)
Start importing Assets/Resources/Characters/Fen/divinercolorway1.png using Guid(982858843ab034becb7d6e8d4382f791) Importer(815301076,1909f56bfc062723c751e8b465ee728b)  -> (artifact id: '7db354957d23da4e1c44f12e3d47807f') in 0.027630 seconds
Number of updated asset objects reloaded before import = 0
Number of asset objects unloaded after import = 3
========================================================================
Received Import Request.
  Time since last request: 0.000029 seconds.
  path: Assets/Resources/MaterialAssets/Sprites/Characters/doggy.png
  artifactKey: Guid(4798df3a6e4f1484b98b7e2bd87621a0) Importer(815301076,1909f56bfc062723c751e8b465ee728b)
Start importing Assets/Resources/MaterialAssets/Sprites/Characters/doggy.png using Guid(4798df3a6e4f1484b98b7e2bd87621a0) Importer(815301076,1909f56bfc062723c751e8b465ee728b)  -> (artifact id: '971458ce3863f09827c90043af2d4a54') in 0.026442 seconds
Number of updated asset objects reloaded before import = 0
Number of asset objects unloaded after import = 3
========================================================================
Received Import Request.
  Time since last request: 0.000024 seconds.
  path: Assets/Resources/MaterialAssets/Sprites/Overworld/flame02.png
  artifactKey: Guid(5b8839add7880401088081cadab30144) Importer(815301076,1909f56bfc062723c751e8b465ee728b)
Start importing Assets/Resources/MaterialAssets/Sprites/Overworld/flame02.png using Guid(5b8839add7880401088081cadab30144) Importer(815301076,1909f56bfc062723c751e8b465ee728b)  -> (artifact id: 'cf6c8eb13efe5624d995d23f1912d7a1') in 0.026045 seconds
Number of updated asset objects reloaded before import = 0
Number of asset objects unloaded after import = 3
========================================================================
Received Import Request.
  Time since last request: 0.000028 seconds.
  path: Assets/Resources/MaterialAssets/Sprites/Overworld/cloud.png
  artifactKey: Guid(1dd27e9bb893b47a7813a53e5021bc8b) Importer(815301076,1909f56bfc062723c751e8b465ee728b)
Start importing Assets/Resources/MaterialAssets/Sprites/Overworld/cloud.png using Guid(1dd27e9bb893b47a7813a53e5021bc8b) Importer(815301076,1909f56bfc062723c751e8b465ee728b)  -> (artifact id: '6e21e999440b07faa812409556b17dc8') in 0.027480 seconds
Number of updated asset objects reloaded before import = 0
Number of asset objects unloaded after import = 3
========================================================================
Received Import Request.
  Time since last request: 0.000019 seconds.
  path: Assets/Resources/MaterialAssets/Sprites/Characters/batguy.png
  artifactKey: Guid(b83ae16b26778478f8067b9ad4b0ab13) Importer(815301076,1909f56bfc062723c751e8b465ee728b)
Start importing Assets/Resources/MaterialAssets/Sprites/Characters/batguy.png using Guid(b83ae16b26778478f8067b9ad4b0ab13) Importer(815301076,1909f56bfc062723c751e8b465ee728b)  -> (artifact id: 'c1f598ec38c70b1cea34490967206e40') in 0.028168 seconds
Number of updated asset objects reloaded before import = 0
Number of asset objects unloaded after import = 3
========================================================================
Received Import Request.
  Time since last request: 0.000026 seconds.
  path: Assets/Resources/MaterialAssets/Sprites/fern.png
  artifactKey: Guid(84cdfb02d481dd54c8d9638a4676a453) Importer(815301076,1909f56bfc062723c751e8b465ee728b)
Start importing Assets/Resources/MaterialAssets/Sprites/fern.png using Guid(84cdfb02d481dd54c8d9638a4676a453) Importer(815301076,1909f56bfc062723c751e8b465ee728b)  -> (artifact id: '649f0e1bd48d4762196b7a7ca3a9d73c') in 0.031032 seconds
Number of updated asset objects reloaded before import = 0
Number of asset objects unloaded after import = 3
========================================================================
Received Import Request.
  Time since last request: 0.000027 seconds.
  path: Assets/Resources/MaterialAssets/Sprites/cyanotype_texture_by_objekt_stock_d2bm5l9-fullview.jpg
  artifactKey: Guid(3ebe964ed44ecf1468c020ca2c2091ad) Importer(815301076,1909f56bfc062723c751e8b465ee728b)
Start importing Assets/Resources/MaterialAssets/Sprites/cyanotype_texture_by_objekt_stock_d2bm5l9-fullview.jpg using Guid(3ebe964ed44ecf1468c020ca2c2091ad) Importer(815301076,1909f56bfc062723c751e8b465ee728b)  -> (artifact id: 'c166716263f4d3c292ebc34853dd873c') in 0.041429 seconds
Number of updated asset objects reloaded before import = 0
Number of asset objects unloaded after import = 3
========================================================================
Received Import Request.
  Time since last request: 0.000026 seconds.
  path: Assets/Resources/Characters/Phoebe/fighter01Colorway.png
  artifactKey: Guid(ef95bffc7560744c88b7002cd179dab0) Importer(815301076,1909f56bfc062723c751e8b465ee728b)
Start importing Assets/Resources/Characters/Phoebe/fighter01Colorway.png using Guid(ef95bffc7560744c88b7002cd179dab0) Importer(815301076,1909f56bfc062723c751e8b465ee728b)  -> (artifact id: 'd8f73176a195ad42128f1d79388c34d7') in 0.049168 seconds
Number of updated asset objects reloaded before import = 0
Number of asset objects unloaded after import = 3
========================================================================
Received Import Request.
  Time since last request: 0.000031 seconds.
  path: Assets/Resources/Characters/Altea/clericfullcolor.png
  artifactKey: Guid(6c714f81fd4bd423383d232787a537b3) Importer(815301076,1909f56bfc062723c751e8b465ee728b)
Start importing Assets/Resources/Characters/Altea/clericfullcolor.png using Guid(6c714f81fd4bd423383d232787a537b3) Importer(815301076,1909f56bfc062723c751e8b465ee728b)  -> (artifact id: '60fa9bd4f7a164f553339e4a3170a926') in 0.030635 seconds
Number of updated asset objects reloaded before import = 0
Number of asset objects unloaded after import = 3
========================================================================
Received Import Request.
  Time since last request: 0.000027 seconds.
  path: Packages/dev.yarnspinner.unity/Textures/Divider.png
  artifactKey: Guid(05af27d2817f5413ea5ba715b8378151) Importer(815301076,1909f56bfc062723c751e8b465ee728b)
Start importing Packages/dev.yarnspinner.unity/Textures/Divider.png using Guid(05af27d2817f5413ea5ba715b8378151) Importer(815301076,1909f56bfc062723c751e8b465ee728b)  -> (artifact id: 'a21b9cf0b54e43fbfa3c4a33e90bde03') in 0.024149 seconds
Number of updated asset objects reloaded before import = 0
Number of asset objects unloaded after import = 3
========================================================================
Received Import Request.
  Time since last request: 0.000021 seconds.
  path: Assets/Resources/MaterialAssets/Sprites/fernbw.png
  artifactKey: Guid(3daa75b1b6caaaf49b29eb0fd31bdade) Importer(815301076,1909f56bfc062723c751e8b465ee728b)
Start importing Assets/Resources/MaterialAssets/Sprites/fernbw.png using Guid(3daa75b1b6caaaf49b29eb0fd31bdade) Importer(815301076,1909f56bfc062723c751e8b465ee728b)  -> (artifact id: '25af114e4775f5db446d4725b363f94b') in 0.026966 seconds
Number of updated asset objects reloaded before import = 0
Number of asset objects unloaded after import = 3
========================================================================
Received Import Request.
  Time since last request: 0.000024 seconds.
  path: Assets/Resources/Characters/Fen/fensittingchickn.png
  artifactKey: Guid(b923a49e1a9f241759cfa1256a53e644) Importer(815301076,1909f56bfc062723c751e8b465ee728b)
Start importing Assets/Resources/Characters/Fen/fensittingchickn.png using Guid(b923a49e1a9f241759cfa1256a53e644) Importer(815301076,1909f56bfc062723c751e8b465ee728b)  -> (artifact id: '849f3199bbd5b4f9a4adddc944f7d078') in 0.026634 seconds
Number of updated asset objects reloaded before import = 0
Number of asset objects unloaded after import = 3
========================================================================
Received Import Request.
  Time since last request: 1.320571 seconds.
  path: Assets/Resources/MaterialAssets/Sprites/flowerpurple.png
  artifactKey: Guid(7378fc579da521046b166b907c2faed2) Importer(815301076,1909f56bfc062723c751e8b465ee728b)
Start importing Assets/Resources/MaterialAssets/Sprites/flowerpurple.png using Guid(7378fc579da521046b166b907c2faed2) Importer(815301076,1909f56bfc062723c751e8b465ee728b)  -> (artifact id: '9bebb09fe8727bbce17d89974be5e8a1') in 0.038372 seconds
Number of updated asset objects reloaded before import = 0
Number of asset objects unloaded after import = 3
========================================================================
Received Import Request.
  Time since last request: 0.000034 seconds.
  path: Assets/Resources/MaterialAssets/Sprites/Characters/flytrapvine02.png
  artifactKey: Guid(d4bd708cb532d42d9a81fd5137f2177b) Importer(815301076,1909f56bfc062723c751e8b465ee728b)
Start importing Assets/Resources/MaterialAssets/Sprites/Characters/flytrapvine02.png using Guid(d4bd708cb532d42d9a81fd5137f2177b) Importer(815301076,1909f56bfc062723c751e8b465ee728b)  -> (artifact id: '2bf178ba72df0590eb3f7368c245fa69') in 0.026420 seconds
Number of updated asset objects reloaded before import = 0
Number of asset objects unloaded after import = 3
========================================================================
Received Import Request.
  Time since last request: 0.000019 seconds.
  path: Assets/Resources/MaterialAssets/Sprites/flowewr3dbw.png
  artifactKey: Guid(cffae7576c1ae4b7189e39d92ac53548) Importer(815301076,1909f56bfc062723c751e8b465ee728b)
Start importing Assets/Resources/MaterialAssets/Sprites/flowewr3dbw.png using Guid(cffae7576c1ae4b7189e39d92ac53548) Importer(815301076,1909f56bfc062723c751e8b465ee728b)  -> (artifact id: '950c3f3350791fe0e1a584dfc042ef4e') in 0.027334 seconds
Number of updated asset objects reloaded before import = 0
Number of asset objects unloaded after import = 3
========================================================================
Received Import Request.
  Time since last request: 0.000024 seconds.
  path: Assets/Resources/MaterialAssets/Sprites/Characters/flytrapvine03.png
  artifactKey: Guid(e2f0eb6a4915d4fc786a122135e2dd26) Importer(815301076,1909f56bfc062723c751e8b465ee728b)
Start importing Assets/Resources/MaterialAssets/Sprites/Characters/flytrapvine03.png using Guid(e2f0eb6a4915d4fc786a122135e2dd26) Importer(815301076,1909f56bfc062723c751e8b465ee728b)  -> (artifact id: '8575b4e677a89864a64e3438fbc1d75e') in 0.023497 seconds
Number of updated asset objects reloaded before import = 0
Number of asset objects unloaded after import = 3
========================================================================
Received Import Request.
  Time since last request: 0.000025 seconds.
  path: Assets/Resources/MaterialAssets/Sprites/Characters/flytrap01.png
  artifactKey: Guid(17fea469d1ceb487bbf5ca5dfa5c26e8) Importer(815301076,1909f56bfc062723c751e8b465ee728b)
Start importing Assets/Resources/MaterialAssets/Sprites/Characters/flytrap01.png using Guid(17fea469d1ceb487bbf5ca5dfa5c26e8) Importer(815301076,1909f56bfc062723c751e8b465ee728b)  -> (artifact id: '2ac4bf25eafe8e9168cb637b60d153b1') in 0.025130 seconds
Number of updated asset objects reloaded before import = 0
Number of asset objects unloaded after import = 3
========================================================================
Received Import Request.
  Time since last request: 0.290462 seconds.
  path: Assets/Resources/MaterialAssets/Sprites/Characters/flytrapvine04.png
  artifactKey: Guid(11751ae786eff458cae4840b145a9f5f) Importer(815301076,1909f56bfc062723c751e8b465ee728b)
Start importing Assets/Resources/MaterialAssets/Sprites/Characters/flytrapvine04.png using Guid(11751ae786eff458cae4840b145a9f5f) Importer(815301076,1909f56bfc062723c751e8b465ee728b)  -> (artifact id: '37d0be465bbf25e546595c10746a4288') in 0.022201 seconds
Number of updated asset objects reloaded before import = 0
Number of asset objects unloaded after import = 3
========================================================================
Received Import Request.
  Time since last request: 0.000022 seconds.
  path: Assets/Resources/MaterialAssets/Sprites/Overworld/grass02.png
  artifactKey: Guid(beb181253754f41c2a5c5017a5cca27a) Importer(815301076,1909f56bfc062723c751e8b465ee728b)
Start importing Assets/Resources/MaterialAssets/Sprites/Overworld/grass02.png using Guid(beb181253754f41c2a5c5017a5cca27a) Importer(815301076,1909f56bfc062723c751e8b465ee728b)  -> (artifact id: '5fc1366000887862e4c9b9c66a4592dc') in 0.027309 seconds
Number of updated asset objects reloaded before import = 0
Number of asset objects unloaded after import = 3
========================================================================
Received Import Request.
  Time since last request: 0.000024 seconds.
  path: Assets/Resources/Characters/NPCs/hyeth.png
  artifactKey: Guid(2498a474403a446b990e82edecf5e0d7) Importer(815301076,1909f56bfc062723c751e8b465ee728b)
Start importing Assets/Resources/Characters/NPCs/hyeth.png using Guid(2498a474403a446b990e82edecf5e0d7) Importer(815301076,1909f56bfc062723c751e8b465ee728b)  -> (artifact id: 'ce2a179cc5aa54472107b72d06b31fb8') in 0.029746 seconds
Number of updated asset objects reloaded before import = 0
Number of asset objects unloaded after import = 3
========================================================================
Received Import Request.
  Time since last request: 0.000022 seconds.
  path: Assets/Resources/MaterialAssets/Sprites/Overworld/horses hugging.jpg
  artifactKey: Guid(e5f05c6e29ce1444984ae8ab0f61b961) Importer(815301076,1909f56bfc062723c751e8b465ee728b)
Start importing Assets/Resources/MaterialAssets/Sprites/Overworld/horses hugging.jpg using Guid(e5f05c6e29ce1444984ae8ab0f61b961) Importer(815301076,1909f56bfc062723c751e8b465ee728b)  -> (artifact id: 'e985b3e28f2f896529912329ba044586') in 0.031041 seconds
Number of updated asset objects reloaded before import = 0
Number of asset objects unloaded after import = 3
========================================================================
Received Import Request.
  Time since last request: 0.260150 seconds.
  path: Assets/Resources/MaterialAssets/Sprites/introborder.png
  artifactKey: Guid(a741fe46a30db4d2ea1225069df4bd43) Importer(815301076,1909f56bfc062723c751e8b465ee728b)
Start importing Assets/Resources/MaterialAssets/Sprites/introborder.png using Guid(a741fe46a30db4d2ea1225069df4bd43) Importer(815301076,1909f56bfc062723c751e8b465ee728b)  -> (artifact id: '453ff56d7f330073d2c78320844f9b0a') in 0.026951 seconds
Number of updated asset objects reloaded before import = 0
Number of asset objects unloaded after import = 3
========================================================================
Received Import Request.
  Time since last request: 0.000031 seconds.
  path: Assets/Resources/MaterialAssets/Sprites/lejardin.png
  artifactKey: Guid(ad5297fe640504185913688b3ed6db5a) Importer(815301076,1909f56bfc062723c751e8b465ee728b)
Start importing Assets/Resources/MaterialAssets/Sprites/lejardin.png using Guid(ad5297fe640504185913688b3ed6db5a) Importer(815301076,1909f56bfc062723c751e8b465ee728b)  -> (artifact id: '344f7cadd1432f4e948cd8a528936e38') in 0.023411 seconds
Number of updated asset objects reloaded before import = 0
Number of asset objects unloaded after import = 3
========================================================================
Received Import Request.
  Time since last request: 0.000019 seconds.
  path: Packages/dev.yarnspinner.unity/Textures/LastLineSeparator.png
  artifactKey: Guid(04a26af393c8742a3bdf84b43bed6c16) Importer(815301076,1909f56bfc062723c751e8b465ee728b)
Start importing Packages/dev.yarnspinner.unity/Textures/LastLineSeparator.png using Guid(04a26af393c8742a3bdf84b43bed6c16) Importer(815301076,1909f56bfc062723c751e8b465ee728b)  -> (artifact id: 'cb8a2f1a272f0d320dd391b05a807a57') in 0.029893 seconds
Number of updated asset objects reloaded before import = 0
Number of asset objects unloaded after import = 3
========================================================================
Received Import Request.
  Time since last request: 0.000021 seconds.
  path: Assets/Resources/MaterialAssets/Sprites/Characters/littleaxguy02.png
  artifactKey: Guid(d370a3fee20ba466a933c08f09f4ba34) Importer(815301076,1909f56bfc062723c751e8b465ee728b)
Start importing Assets/Resources/MaterialAssets/Sprites/Characters/littleaxguy02.png using Guid(d370a3fee20ba466a933c08f09f4ba34) Importer(815301076,1909f56bfc062723c751e8b465ee728b)  -> (artifact id: 'c283009dc68654938d67bd16fac306f7') in 0.029262 seconds
Number of updated asset objects reloaded before import = 0
Number of asset objects unloaded after import = 3
========================================================================
Received Import Request.
  Time since last request: 0.000022 seconds.
  path: Assets/Resources/MaterialAssets/Sprites/Lighthouse-PNG-Background-Isolated-Image.png
  artifactKey: Guid(376eaab8c59f74dc899b1b334e9e497f) Importer(815301076,1909f56bfc062723c751e8b465ee728b)
Start importing Assets/Resources/MaterialAssets/Sprites/Lighthouse-PNG-Background-Isolated-Image.png using Guid(376eaab8c59f74dc899b1b334e9e497f) Importer(815301076,1909f56bfc062723c751e8b465ee728b)  -> (artifact id: '8636b1d4376e639042c9f295892deead') in 0.037952 seconds
Number of updated asset objects reloaded before import = 0
Number of asset objects unloaded after import = 3
========================================================================
Received Import Request.
  Time since last request: 0.000022 seconds.
  path: Assets/Resources/MaterialAssets/Sprites/Characters/littleaxguy01.png
  artifactKey: Guid(bd6cb7413355e44e996e963d5a712ac5) Importer(815301076,1909f56bfc062723c751e8b465ee728b)
Start importing Assets/Resources/MaterialAssets/Sprites/Characters/littleaxguy01.png using Guid(bd6cb7413355e44e996e963d5a712ac5) Importer(815301076,1909f56bfc062723c751e8b465ee728b)  -> (artifact id: '7b7e3ee78134f144f14a581a5d246847') in 0.026094 seconds
Number of updated asset objects reloaded before import = 0
Number of asset objects unloaded after import = 3
========================================================================
Received Import Request.
  Time since last request: 0.000031 seconds.
  path: Packages/dev.yarnspinner.unity/Textures/OptionNotSelected.png
  artifactKey: Guid(4de89c03b6297472d82b0d925ee6fcd3) Importer(815301076,1909f56bfc062723c751e8b465ee728b)
Start importing Packages/dev.yarnspinner.unity/Textures/OptionNotSelected.png using Guid(4de89c03b6297472d82b0d925ee6fcd3) Importer(815301076,1909f56bfc062723c751e8b465ee728b)  -> (artifact id: '0a6169382f3f796eac7b3a3d9366f5d9') in 0.023280 seconds
Number of updated asset objects reloaded before import = 0
Number of asset objects unloaded after import = 3
========================================================================
Received Import Request.
  Time since last request: 0.000033 seconds.
  path: Assets/Resources/Characters/Phoebe/phoebefeet04 1.png
  artifactKey: Guid(73848a117ee7243fab80ade08a97f904) Importer(815301076,1909f56bfc062723c751e8b465ee728b)
Start importing Assets/Resources/Characters/Phoebe/phoebefeet04 1.png using Guid(73848a117ee7243fab80ade08a97f904) Importer(815301076,1909f56bfc062723c751e8b465ee728b)  -> (artifact id: '3648ea7c2b583b364486001b644808c4') in 0.028953 seconds
Number of updated asset objects reloaded before import = 0
Number of asset objects unloaded after import = 3
========================================================================
Received Import Request.
  Time since last request: 0.000020 seconds.
  path: Assets/Resources/Characters/Phoebe/phoebefeet01 1.png
  artifactKey: Guid(8c4b6b52910cb42dabfb2e4d1f3c89fc) Importer(815301076,1909f56bfc062723c751e8b465ee728b)
Start importing Assets/Resources/Characters/Phoebe/phoebefeet01 1.png using Guid(8c4b6b52910cb42dabfb2e4d1f3c89fc) Importer(815301076,1909f56bfc062723c751e8b465ee728b)  -> (artifact id: 'e284cb00dc6071ea5a9876a8787547cd') in 0.026887 seconds
Number of updated asset objects reloaded before import = 0
Number of asset objects unloaded after import = 3
========================================================================
Received Import Request.
  Time since last request: 0.000024 seconds.
  path: Assets/Resources/Characters/Phoebe/phoebefeet02 1.png
  artifactKey: Guid(7b185377ccbb94bc49757cade613a5b0) Importer(815301076,1909f56bfc062723c751e8b465ee728b)
Start importing Assets/Resources/Characters/Phoebe/phoebefeet02 1.png using Guid(7b185377ccbb94bc49757cade613a5b0) Importer(815301076,1909f56bfc062723c751e8b465ee728b)  -> (artifact id: '3816bb23d8c21d7a4130556943091157') in 0.025591 seconds
Number of updated asset objects reloaded before import = 0
Number of asset objects unloaded after import = 3
========================================================================
Received Import Request.
  Time since last request: 0.620082 seconds.
  path: Assets/Resources/Characters/Phoebe/phoebefeet05 1.png
  artifactKey: Guid(c66b8e94d1b8f4ffbabd04ab91610daa) Importer(815301076,1909f56bfc062723c751e8b465ee728b)
Start importing Assets/Resources/Characters/Phoebe/phoebefeet05 1.png using Guid(c66b8e94d1b8f4ffbabd04ab91610daa) Importer(815301076,1909f56bfc062723c751e8b465ee728b)  -> (artifact id: '0fcd7a51f649605b92077c71fa34fb71') in 0.024810 seconds
Number of updated asset objects reloaded before import = 0
Number of asset objects unloaded after import = 3
========================================================================
Received Import Request.
  Time since last request: 0.000019 seconds.
  path: Assets/Resources/Characters/Phoebe/phoebewalk04.png
  artifactKey: Guid(31b1370f8e1e34476882ef51292351d4) Importer(815301076,1909f56bfc062723c751e8b465ee728b)
Start importing Assets/Resources/Characters/Phoebe/phoebewalk04.png using Guid(31b1370f8e1e34476882ef51292351d4) Importer(815301076,1909f56bfc062723c751e8b465ee728b)  -> (artifact id: 'f809efa3a1fdab39097782a0fa75d5fe') in 0.029050 seconds
Number of updated asset objects reloaded before import = 0
Number of asset objects unloaded after import = 3
========================================================================
Received Import Request.
  Time since last request: 0.000023 seconds.
  path: Assets/Resources/Characters/Phoebe/phoebewalk05.png
  artifactKey: Guid(1ef096765006d41e5841980f8907e4b1) Importer(815301076,1909f56bfc062723c751e8b465ee728b)
Start importing Assets/Resources/Characters/Phoebe/phoebewalk05.png using Guid(1ef096765006d41e5841980f8907e4b1) Importer(815301076,1909f56bfc062723c751e8b465ee728b)  -> (artifact id: '6dbc27efde3c71961ef9ca780486ef74') in 0.024085 seconds
Number of updated asset objects reloaded before import = 0
Number of asset objects unloaded after import = 3
========================================================================
Received Import Request.
  Time since last request: 0.000039 seconds.
  path: Assets/Resources/MaterialAssets/Sprites/plant04.png
  artifactKey: Guid(367b5d9b0e27e481cba7f6e7332ec5d1) Importer(815301076,1909f56bfc062723c751e8b465ee728b)
Start importing Assets/Resources/MaterialAssets/Sprites/plant04.png using Guid(367b5d9b0e27e481cba7f6e7332ec5d1) Importer(815301076,1909f56bfc062723c751e8b465ee728b)  -> (artifact id: '81dc13f82a6b4887476039f9e8c444fe') in 0.028011 seconds
Number of updated asset objects reloaded before import = 0
Number of asset objects unloaded after import = 3
========================================================================
Received Import Request.
  Time since last request: 0.000023 seconds.
  path: Assets/Resources/Characters/Phoebe/phoebewalk02.png
  artifactKey: Guid(52e4d603dcf8d4022887a77eae913bec) Importer(815301076,1909f56bfc062723c751e8b465ee728b)
Start importing Assets/Resources/Characters/Phoebe/phoebewalk02.png using Guid(52e4d603dcf8d4022887a77eae913bec) Importer(815301076,1909f56bfc062723c751e8b465ee728b)  -> (artifact id: '1e302c1443e7135e2f968bacee44fb7a') in 0.030774 seconds
Number of updated asset objects reloaded before import = 0
Number of asset objects unloaded after import = 3
========================================================================
Received Import Request.
  Time since last request: 0.000035 seconds.
  path: Assets/Resources/MaterialAssets/Sprites/rustykey.png
  artifactKey: Guid(416f6fcc765a74e3d80174fcba6adedf) Importer(815301076,1909f56bfc062723c751e8b465ee728b)
Start importing Assets/Resources/MaterialAssets/Sprites/rustykey.png using Guid(416f6fcc765a74e3d80174fcba6adedf) Importer(815301076,1909f56bfc062723c751e8b465ee728b)  -> (artifact id: '833d681781ad08f5a2bc70eed0a94f9d') in 0.029980 seconds
Number of updated asset objects reloaded before import = 0
Number of asset objects unloaded after import = 3
========================================================================
Received Import Request.
  Time since last request: 0.000020 seconds.
  path: Assets/Resources/Characters/Phoebe/phoebewalk03.png
  artifactKey: Guid(7bbfb98f1750444eb955340a7935badd) Importer(815301076,1909f56bfc062723c751e8b465ee728b)
Start importing Assets/Resources/Characters/Phoebe/phoebewalk03.png using Guid(7bbfb98f1750444eb955340a7935badd) Importer(815301076,1909f56bfc062723c751e8b465ee728b)  -> (artifact id: '2ecc2f04ca5a8cd2569a453f6276296c') in 0.027413 seconds
Number of updated asset objects reloaded before import = 0
Number of asset objects unloaded after import = 3
========================================================================
Received Import Request.
  Time since last request: 0.000028 seconds.
  path: Assets/Resources/Characters/Phoebe/phoebewalk01.png
  artifactKey: Guid(a941ebedc4ab44e24b648c5c62aea68e) Importer(815301076,1909f56bfc062723c751e8b465ee728b)
Start importing Assets/Resources/Characters/Phoebe/phoebewalk01.png using Guid(a941ebedc4ab44e24b648c5c62aea68e) Importer(815301076,1909f56bfc062723c751e8b465ee728b)  -> (artifact id: '0747b9967d499a26161a808c87eda705') in 0.027500 seconds
Number of updated asset objects reloaded before import = 0
Number of asset objects unloaded after import = 3
========================================================================
Received Import Request.
  Time since last request: 0.000021 seconds.
  path: Assets/Resources/MaterialAssets/Sprites/plant02.png
  artifactKey: Guid(9af7f5947e2a44cd8842f172b154bdec) Importer(815301076,1909f56bfc062723c751e8b465ee728b)
Start importing Assets/Resources/MaterialAssets/Sprites/plant02.png using Guid(9af7f5947e2a44cd8842f172b154bdec) Importer(815301076,1909f56bfc062723c751e8b465ee728b)  -> (artifact id: 'c9c9110ebb2af4b5c5369afa3d340d08') in 0.031258 seconds
Number of updated asset objects reloaded before import = 0
Number of asset objects unloaded after import = 3
========================================================================
Received Import Request.
  Time since last request: 0.223416 seconds.
  path: Assets/Resources/MaterialAssets/Sprites/rustykeybw.png
  artifactKey: Guid(ca4e64be3685b48f3991539d178c521b) Importer(815301076,1909f56bfc062723c751e8b465ee728b)
Start importing Assets/Resources/MaterialAssets/Sprites/rustykeybw.png using Guid(ca4e64be3685b48f3991539d178c521b) Importer(815301076,1909f56bfc062723c751e8b465ee728b)  -> (artifact id: '56b9bdf57ba1d8ea97650b1f884acff2') in 0.024696 seconds
Number of updated asset objects reloaded before import = 0
Number of asset objects unloaded after import = 3
========================================================================
Received Import Request.
  Time since last request: 0.000019 seconds.
  path: Packages/dev.yarnspinner.unity/Textures/Selector-Off.png
  artifactKey: Guid(eaa71f36e30cb45f1876a4832d45cac4) Importer(815301076,1909f56bfc062723c751e8b465ee728b)
Start importing Packages/dev.yarnspinner.unity/Textures/Selector-Off.png using Guid(eaa71f36e30cb45f1876a4832d45cac4) Importer(815301076,1909f56bfc062723c751e8b465ee728b)  -> (artifact id: '1087a0dd0003cdba42b9a9707dc52d36') in 0.025222 seconds
Number of updated asset objects reloaded before import = 0
Number of asset objects unloaded after import = 3
========================================================================
Received Import Request.
  Time since last request: 0.000024 seconds.
  path: Assets/Resources/MaterialAssets/Sprites/shatter03.png
  artifactKey: Guid(aad15e58d68b64e51bdfe313cae521a0) Importer(815301076,1909f56bfc062723c751e8b465ee728b)
Start importing Assets/Resources/MaterialAssets/Sprites/shatter03.png using Guid(aad15e58d68b64e51bdfe313cae521a0) Importer(815301076,1909f56bfc062723c751e8b465ee728b)  -> (artifact id: '4bbc2deeda8d206f19bfd1459f645041') in 0.029607 seconds
Number of updated asset objects reloaded before import = 0
Number of asset objects unloaded after import = 3
========================================================================
Received Import Request.
  Time since last request: 0.000024 seconds.
  path: Assets/Resources/MaterialAssets/Sprites/teakettle01.png
  artifactKey: Guid(09b02acf94d4e42e9926c89ce1609e82) Importer(815301076,1909f56bfc062723c751e8b465ee728b)
Start importing Assets/Resources/MaterialAssets/Sprites/teakettle01.png using Guid(09b02acf94d4e42e9926c89ce1609e82) Importer(815301076,1909f56bfc062723c751e8b465ee728b)  -> (artifact id: 'f7db6af2833858fb6a0501c458f949be') in 0.030761 seconds
Number of updated asset objects reloaded before import = 0
Number of asset objects unloaded after import = 3
========================================================================
Received Import Request.
  Time since last request: 0.000024 seconds.
  path: Assets/Resources/MaterialAssets/Sprites/shatter02.png
  artifactKey: Guid(2ee7d0f5851da4a109b14e54ea409a79) Importer(815301076,1909f56bfc062723c751e8b465ee728b)
Start importing Assets/Resources/MaterialAssets/Sprites/shatter02.png using Guid(2ee7d0f5851da4a109b14e54ea409a79) Importer(815301076,1909f56bfc062723c751e8b465ee728b)  -> (artifact id: '3059e57a772f71fd0b659a28f5d43d8c') in 0.030675 seconds
Number of updated asset objects reloaded before import = 0
Number of asset objects unloaded after import = 3
========================================================================
Received Import Request.
  Time since last request: 0.000030 seconds.
  path: Assets/Resources/Characters/NPCs/testcharacter_01.png
  artifactKey: Guid(4a25813b9d53e457590d7aaa0e8e4b9f) Importer(815301076,1909f56bfc062723c751e8b465ee728b)
Start importing Assets/Resources/Characters/NPCs/testcharacter_01.png using Guid(4a25813b9d53e457590d7aaa0e8e4b9f) Importer(815301076,1909f56bfc062723c751e8b465ee728b)  -> (artifact id: 'de76d9dd50bdc43ed8e4bfcb4e52c2bc') in 0.039285 seconds
Number of updated asset objects reloaded before import = 0
Number of asset objects unloaded after import = 3
========================================================================
Received Import Request.
  Time since last request: 0.000028 seconds.
  path: Assets/Resources/TextSprites/TestLine1.png
  artifactKey: Guid(34ac2227991588c45ad35aa5ceb520c5) Importer(815301076,1909f56bfc062723c751e8b465ee728b)
Start importing Assets/Resources/TextSprites/TestLine1.png using Guid(34ac2227991588c45ad35aa5ceb520c5) Importer(815301076,1909f56bfc062723c751e8b465ee728b)  -> (artifact id: 'e64f2096d3db6a89c4a1a7649dcbc9a3') in 0.025134 seconds
Number of updated asset objects reloaded before import = 0
Number of asset objects unloaded after import = 3
========================================================================
Received Import Request.
  Time since last request: 0.000051 seconds.
  path: Assets/Resources/Characters/NPCs/testcharacter_04.png
  artifactKey: Guid(ca65b8b0fa8c54cd58d07ce4532545a9) Importer(815301076,1909f56bfc062723c751e8b465ee728b)
Start importing Assets/Resources/Characters/NPCs/testcharacter_04.png using Guid(ca65b8b0fa8c54cd58d07ce4532545a9) Importer(815301076,1909f56bfc062723c751e8b465ee728b)  -> (artifact id: '0882dec5ab0ccbd18359e794f7abe2b2') in 0.030170 seconds
Number of updated asset objects reloaded before import = 0
Number of asset objects unloaded after import = 3
========================================================================
Received Import Request.
  Time since last request: 0.000023 seconds.
  path: Assets/Resources/Characters/NPCs/testcharacter_03.png
  artifactKey: Guid(c3bfea4b2f8394c8184475e67dd2e619) Importer(815301076,1909f56bfc062723c751e8b465ee728b)
Start importing Assets/Resources/Characters/NPCs/testcharacter_03.png using Guid(c3bfea4b2f8394c8184475e67dd2e619) Importer(815301076,1909f56bfc062723c751e8b465ee728b)  -> (artifact id: '17cec7842a1cbbc2cdfc1b4de05bec02') in 0.030549 seconds
Number of updated asset objects reloaded before import = 0
Number of asset objects unloaded after import = 3
========================================================================
Received Import Request.
  Time since last request: 0.000022 seconds.
  path: Packages/dev.yarnspinner.unity/Textures/Selector-On.png
  artifactKey: Guid(7e9a80d90823e4648b6cfa68e570fad1) Importer(815301076,1909f56bfc062723c751e8b465ee728b)
Start importing Packages/dev.yarnspinner.unity/Textures/Selector-On.png using Guid(7e9a80d90823e4648b6cfa68e570fad1) Importer(815301076,1909f56bfc062723c751e8b465ee728b)  -> (artifact id: '0623b13d9555cf4a20d4df0c75774c48') in 0.028698 seconds
Number of updated asset objects reloaded before import = 0
Number of asset objects unloaded after import = 3
========================================================================
Received Import Request.
  Time since last request: 0.000033 seconds.
  path: Assets/Resources/MaterialAssets/Shaders/shadow.png
  artifactKey: Guid(81bd6a598b25f4465b83d5107de91f4c) Importer(815301076,1909f56bfc062723c751e8b465ee728b)
Start importing Assets/Resources/MaterialAssets/Shaders/shadow.png using Guid(81bd6a598b25f4465b83d5107de91f4c) Importer(815301076,1909f56bfc062723c751e8b465ee728b)  -> (artifact id: '025dacc046776259a8999466087ab21b') in 0.029312 seconds
Number of updated asset objects reloaded before import = 0
Number of asset objects unloaded after import = 3
========================================================================
Received Import Request.
  Time since last request: 0.000022 seconds.
  path: Assets/Resources/MaterialAssets/Sprites/Characters/sadcreature02.png
  artifactKey: Guid(5fab35b069f2f43ac93ed3918c36a4b0) Importer(815301076,1909f56bfc062723c751e8b465ee728b)
Start importing Assets/Resources/MaterialAssets/Sprites/Characters/sadcreature02.png using Guid(5fab35b069f2f43ac93ed3918c36a4b0) Importer(815301076,1909f56bfc062723c751e8b465ee728b)  -> (artifact id: 'cd96606cd6bc3ca4aa220978c55fc51c') in 0.030264 seconds
Number of updated asset objects reloaded before import = 0
Number of asset objects unloaded after import = 3
========================================================================
Received Import Request.
  Time since last request: 0.092691 seconds.
  path: Assets/Resources/MaterialAssets/Sprites/UI/texbox08.png
  artifactKey: Guid(418e00d5cbaefe848b710fc0aee65aba) Importer(815301076,1909f56bfc062723c751e8b465ee728b)
Start importing Assets/Resources/MaterialAssets/Sprites/UI/texbox08.png using Guid(418e00d5cbaefe848b710fc0aee65aba) Importer(815301076,1909f56bfc062723c751e8b465ee728b)  -> (artifact id: 'd4c28c4bb43d7421c3ba3e44c8a3a25d') in 0.027166 seconds
Number of updated asset objects reloaded before import = 0
Number of asset objects unloaded after import = 3
========================================================================
Received Import Request.
  Time since last request: 0.000020 seconds.
  path: Assets/Resources/MaterialAssets/Sprites/UI/textbox05.png
  artifactKey: Guid(501c1756d866d461f963dd5400210adf) Importer(815301076,1909f56bfc062723c751e8b465ee728b)
Start importing Assets/Resources/MaterialAssets/Sprites/UI/textbox05.png using Guid(501c1756d866d461f963dd5400210adf) Importer(815301076,1909f56bfc062723c751e8b465ee728b)  -> (artifact id: '260b6007aaab5e2162283a27a827a9cb') in 0.026624 seconds
Number of updated asset objects reloaded before import = 0
Number of asset objects unloaded after import = 3
========================================================================
Received Import Request.
  Time since last request: 0.000020 seconds.
  path: Assets/Resources/MaterialAssets/Sprites/UI/textbox04.png
  artifactKey: Guid(5719eb1579c8345c6bb790442f9f1d88) Importer(815301076,1909f56bfc062723c751e8b465ee728b)
Start importing Assets/Resources/MaterialAssets/Sprites/UI/textbox04.png using Guid(5719eb1579c8345c6bb790442f9f1d88) Importer(815301076,1909f56bfc062723c751e8b465ee728b)  -> (artifact id: 'ef47faa9409f8caa3c27151c558f704c') in 0.025494 seconds
Number of updated asset objects reloaded before import = 0
Number of asset objects unloaded after import = 3
========================================================================
Received Import Request.
  Time since last request: 0.000024 seconds.
  path: Assets/Resources/MaterialAssets/Sprites/UI/textboxesv6.png
  artifactKey: Guid(4d049ac65efb74f1191556b23248b9e5) Importer(815301076,1909f56bfc062723c751e8b465ee728b)
Start importing Assets/Resources/MaterialAssets/Sprites/UI/textboxesv6.png using Guid(4d049ac65efb74f1191556b23248b9e5) Importer(815301076,1909f56bfc062723c751e8b465ee728b)  -> (artifact id: '43754ee9df2a4d571a82e28bbd8d34b3') in 0.025428 seconds
Number of updated asset objects reloaded before import = 0
Number of asset objects unloaded after import = 3
========================================================================
Received Import Request.
  Time since last request: 0.000024 seconds.
  path: Assets/Resources/MaterialAssets/Sprites/UI/textboxesv7.png
  artifactKey: Guid(57d76108e3dbe439987ed1a450b28f62) Importer(815301076,1909f56bfc062723c751e8b465ee728b)
Start importing Assets/Resources/MaterialAssets/Sprites/UI/textboxesv7.png using Guid(57d76108e3dbe439987ed1a450b28f62) Importer(815301076,1909f56bfc062723c751e8b465ee728b)  -> (artifact id: 'dc8eeb32b94021dcc83e1f568f1cb92d') in 0.024271 seconds
Number of updated asset objects reloaded before import = 0
Number of asset objects unloaded after import = 3
========================================================================
Received Import Request.
  Time since last request: 0.000046 seconds.
  path: Assets/Resources/MaterialAssets/Sprites/UI/textboxbg02.png
  artifactKey: Guid(f1db3e35d5ec34cd2b0f08a7d3cee46c) Importer(815301076,1909f56bfc062723c751e8b465ee728b)
Start importing Assets/Resources/MaterialAssets/Sprites/UI/textboxbg02.png using Guid(f1db3e35d5ec34cd2b0f08a7d3cee46c) Importer(815301076,1909f56bfc062723c751e8b465ee728b)  -> (artifact id: 'fabd2ced1e5d29ef5ec0d25754729efd') in 0.032181 seconds
Number of updated asset objects reloaded before import = 0
Number of asset objects unloaded after import = 3
========================================================================
Received Import Request.
  Time since last request: 0.000032 seconds.
  path: Assets/Resources/MaterialAssets/Sprites/UI/textbox01.png
  artifactKey: Guid(e7b0dabb3047b4567b1342847e136ff9) Importer(815301076,1909f56bfc062723c751e8b465ee728b)
Start importing Assets/Resources/MaterialAssets/Sprites/UI/textbox01.png using Guid(e7b0dabb3047b4567b1342847e136ff9) Importer(815301076,1909f56bfc062723c751e8b465ee728b)  -> (artifact id: 'a0964cbf2d7d763d5056802e7fe667f4') in 0.028046 seconds
Number of updated asset objects reloaded before import = 0
Number of asset objects unloaded after import = 3
========================================================================
Received Import Request.
  Time since last request: 0.000023 seconds.
  path: Assets/Resources/MaterialAssets/Sprites/trowel.png
  artifactKey: Guid(c25feecd0feb7486da12547ec3e92cc4) Importer(815301076,1909f56bfc062723c751e8b465ee728b)
Start importing Assets/Resources/MaterialAssets/Sprites/trowel.png using Guid(c25feecd0feb7486da12547ec3e92cc4) Importer(815301076,1909f56bfc062723c751e8b465ee728b)  -> (artifact id: 'b3dca97fd2eae80e0d3a20721da9fa86') in 0.027845 seconds
Number of updated asset objects reloaded before import = 0
Number of asset objects unloaded after import = 3
========================================================================
Received Import Request.
  Time since last request: 0.000021 seconds.
  path: Assets/Resources/MaterialAssets/Sprites/UI/textbox3.png
  artifactKey: Guid(8d73ce33173bc481689667609dc0542f) Importer(815301076,1909f56bfc062723c751e8b465ee728b)
Start importing Assets/Resources/MaterialAssets/Sprites/UI/textbox3.png using Guid(8d73ce33173bc481689667609dc0542f) Importer(815301076,1909f56bfc062723c751e8b465ee728b)  -> (artifact id: '95af586250e734d65cd9b6d52176323f') in 0.027373 seconds
Number of updated asset objects reloaded before import = 0
Number of asset objects unloaded after import = 3
========================================================================
Received Import Request.
  Time since last request: 0.217335 seconds.
  path: Assets/Resources/MaterialAssets/Sprites/tulipbw.png
  artifactKey: Guid(5d4a2f30f2aecc041836a2cb60a1bb77) Importer(815301076,1909f56bfc062723c751e8b465ee728b)
Start importing Assets/Resources/MaterialAssets/Sprites/tulipbw.png using Guid(5d4a2f30f2aecc041836a2cb60a1bb77) Importer(815301076,1909f56bfc062723c751e8b465ee728b)  -> (artifact id: '4263d0c45d131cb25eab06ec5ad3aba6') in 0.030458 seconds
Number of updated asset objects reloaded before import = 0
Number of asset objects unloaded after import = 3
========================================================================
Received Import Request.
  Time since last request: 0.000031 seconds.
  path: Assets/Resources/MaterialAssets/Sprites/tulipspritebw.png
  artifactKey: Guid(21a85f458b5bd4ba78f3223534d264de) Importer(815301076,1909f56bfc062723c751e8b465ee728b)
Start importing Assets/Resources/MaterialAssets/Sprites/tulipspritebw.png using Guid(21a85f458b5bd4ba78f3223534d264de) Importer(815301076,1909f56bfc062723c751e8b465ee728b)  -> (artifact id: '01a2fe2a16589ca84f3c1c1fec1d91d1') in 0.026835 seconds
Number of updated asset objects reloaded before import = 0
Number of asset objects unloaded after import = 3
========================================================================
Received Import Request.
  Time since last request: 0.000029 seconds.
  path: Assets/Resources/MaterialAssets/Sprites/Overworld/vinespath.png
  artifactKey: Guid(40983740a35674849ab0493198453c23) Importer(815301076,1909f56bfc062723c751e8b465ee728b)
Start importing Assets/Resources/MaterialAssets/Sprites/Overworld/vinespath.png using Guid(40983740a35674849ab0493198453c23) Importer(815301076,1909f56bfc062723c751e8b465ee728b)  -> (artifact id: 'c85cedf9c0c81b9172c2b4cf81210688') in 0.032865 seconds
Number of updated asset objects reloaded before import = 0
Number of asset objects unloaded after import = 3
========================================================================
Received Import Request.
  Time since last request: 0.000029 seconds.
  path: Assets/Resources/MaterialAssets/Sprites/Overworld/waterfallpt2.png
  artifactKey: Guid(f2d1008617ee34f48b0ecfd78339fe7a) Importer(815301076,1909f56bfc062723c751e8b465ee728b)
Start importing Assets/Resources/MaterialAssets/Sprites/Overworld/waterfallpt2.png using Guid(f2d1008617ee34f48b0ecfd78339fe7a) Importer(815301076,1909f56bfc062723c751e8b465ee728b)  -> (artifact id: 'e48ff9f1fe1bf6efc57ce5a6d1dcd0eb') in 0.023205 seconds
Number of updated asset objects reloaded before import = 0
Number of asset objects unloaded after import = 3
========================================================================
Received Import Request.
  Time since last request: 0.000023 seconds.
  path: Assets/Resources/Characters/NPCs/Windy/windyidle02.png
  artifactKey: Guid(631813fa8cc434f71a47873fada634bf) Importer(815301076,1909f56bfc062723c751e8b465ee728b)
Start importing Assets/Resources/Characters/NPCs/Windy/windyidle02.png using Guid(631813fa8cc434f71a47873fada634bf) Importer(815301076,1909f56bfc062723c751e8b465ee728b)  -> (artifact id: 'dd1a6aa594fd6e6eebddd275afe44a77') in 0.031718 seconds
Number of updated asset objects reloaded before import = 0
Number of asset objects unloaded after import = 3
========================================================================
Received Import Request.
  Time since last request: 0.000020 seconds.
  path: Packages/dev.yarnspinner.unity/Editor/Icons/YarnSpinnerLogo.png
  artifactKey: Guid(528a6dd601766934abb8b1053bd798ef) Importer(815301076,1909f56bfc062723c751e8b465ee728b)
Start importing Packages/dev.yarnspinner.unity/Editor/Icons/YarnSpinnerLogo.png using Guid(528a6dd601766934abb8b1053bd798ef) Importer(815301076,1909f56bfc062723c751e8b465ee728b)  -> (artifact id: 'b24252715b1b32d9403aebd619f3bbfc') in 0.026485 seconds
Number of updated asset objects reloaded before import = 0
Number of asset objects unloaded after import = 3
========================================================================
Received Import Request.
  Time since last request: 0.000019 seconds.
  path: Assets/Resources/MaterialAssets/Sprites/Overworld/unicorn.jpg
  artifactKey: Guid(ecb1a954167cfb549a3ce52a52bb595a) Importer(815301076,1909f56bfc062723c751e8b465ee728b)
Start importing Assets/Resources/MaterialAssets/Sprites/Overworld/unicorn.jpg using Guid(ecb1a954167cfb549a3ce52a52bb595a) Importer(815301076,1909f56bfc062723c751e8b465ee728b)  -> (artifact id: '8493ca9ede8f10f1aae011b4dff6e965') in 0.032170 seconds
Number of updated asset objects reloaded before import = 0
Number of asset objects unloaded after import = 3
========================================================================
Received Import Request.
  Time since last request: 20.022313 seconds.
  path: Assets/Resources/MaterialAssets/Sprites/UI/PlaceholderCards/the fool.png
  artifactKey: Guid(ccd096202ba9cb84aaf357b664c7473a) Importer(815301076,1909f56bfc062723c751e8b465ee728b)
Start importing Assets/Resources/MaterialAssets/Sprites/UI/PlaceholderCards/the fool.png using Guid(ccd096202ba9cb84aaf357b664c7473a) Importer(815301076,1909f56bfc062723c751e8b465ee728b)  -> (artifact id: '3b11b03554c02391f22431cca01d4a25') in 0.032710 seconds
Number of updated asset objects reloaded before import = 0
Number of asset objects unloaded after import = 3
========================================================================
Received Import Request.
  Time since last request: 242.242414 seconds.
  path: Assets/Resources/3DObjects/MainMapRegion/Enviornment/NewEnvironment/Trees/shrub02.fbx
  artifactKey: Guid(cbb55376cb76aaf45806c01d5cea71d6) Importer(815301076,1909f56bfc062723c751e8b465ee728b)
Start importing Assets/Resources/3DObjects/MainMapRegion/Enviornment/NewEnvironment/Trees/shrub02.fbx using Guid(cbb55376cb76aaf45806c01d5cea71d6) Importer(815301076,1909f56bfc062723c751e8b465ee728b)  -> (artifact id: '745861fadf0afcc11942a796d61280b9') in 0.426201 seconds
Number of updated asset objects reloaded before import = 0
Number of asset objects unloaded after import = 17
========================================================================
Received Import Request.
  Time since last request: 0.000043 seconds.
  path: Assets/Resources/3DObjects/MainMapRegion/Enviornment/NewEnvironment/Campfire/newcampfirewall.fbx
  artifactKey: Guid(d3c966f0e7e0a4fbf87563ac9620c81d) Importer(815301076,1909f56bfc062723c751e8b465ee728b)
Start importing Assets/Resources/3DObjects/MainMapRegion/Enviornment/NewEnvironment/Campfire/newcampfirewall.fbx using Guid(d3c966f0e7e0a4fbf87563ac9620c81d) Importer(815301076,1909f56bfc062723c751e8b465ee728b)  -> (artifact id: '3eb5d035e36ae501b90074c70567a292') in 0.086462 seconds
Number of updated asset objects reloaded before import = 0
Number of asset objects unloaded after import = 10
========================================================================
Received Import Request.
  Time since last request: 0.941053 seconds.
  path: Assets/Resources/3DObjects/OuterEnvirons/OuterEnvironment/intropathcollider 1.fbx
  artifactKey: Guid(7eea3a865b613402ca55ff43b89a9cc2) Importer(815301076,1909f56bfc062723c751e8b465ee728b)
Start importing Assets/Resources/3DObjects/OuterEnvirons/OuterEnvironment/intropathcollider 1.fbx using Guid(7eea3a865b613402ca55ff43b89a9cc2) Importer(815301076,1909f56bfc062723c751e8b465ee728b)  -> (artifact id: 'd5f0d05000b6fdfac2da48ac8e9d9d38') in 0.047206 seconds
Number of updated asset objects reloaded before import = 0
Number of asset objects unloaded after import = 15
========================================================================
Received Import Request.
  Time since last request: 0.019686 seconds.
  path: Assets/Resources/3DObjects/MainMapRegion/Enviornment/NewEnvironment/islands/introisland 1.fbx
  artifactKey: Guid(a89dcf96d5c9e4be89fbc99e52c1c2c7) Importer(815301076,1909f56bfc062723c751e8b465ee728b)
Start importing Assets/Resources/3DObjects/MainMapRegion/Enviornment/NewEnvironment/islands/introisland 1.fbx using Guid(a89dcf96d5c9e4be89fbc99e52c1c2c7) Importer(815301076,1909f56bfc062723c751e8b465ee728b)  -> (artifact id: 'e515bc5d820d9b7efb2c0aa0c0359208') in 0.082329 seconds
Number of updated asset objects reloaded before import = 0
Number of asset objects unloaded after import = 20
========================================================================
Received Import Request.
  Time since last request: 0.208839 seconds.
  path: Assets/Resources/3DObjects/MainMapRegion/Enviornment/NewEnvironment/islands/introislandwithdesignatedgrassfield.fbx
  artifactKey: Guid(d858d5a490b78495fb8b4e8956dd9577) Importer(815301076,1909f56bfc062723c751e8b465ee728b)
Start importing Assets/Resources/3DObjects/MainMapRegion/Enviornment/NewEnvironment/islands/introislandwithdesignatedgrassfield.fbx using Guid(d858d5a490b78495fb8b4e8956dd9577) Importer(815301076,1909f56bfc062723c751e8b465ee728b)  -> (artifact id: '83e61a4834b80ce1098421c6b38b91e7') in 0.084228 seconds
Number of updated asset objects reloaded before import = 0
Number of asset objects unloaded after import = 21
========================================================================
Received Import Request.
  Time since last request: 0.335159 seconds.
  path: Assets/Resources/3DObjects/MainMapRegion/Enviornment/NewEnvironment/Bridges/bridge02 2.fbx
  artifactKey: Guid(03effc9c7de30d64fae13c309d35770b) Importer(815301076,1909f56bfc062723c751e8b465ee728b)
Start importing Assets/Resources/3DObjects/MainMapRegion/Enviornment/NewEnvironment/Bridges/bridge02 2.fbx using Guid(03effc9c7de30d64fae13c309d35770b) Importer(815301076,1909f56bfc062723c751e8b465ee728b)  -> (artifact id: 'df229504593a8e4fe7500b2efaab5d4f') in 0.023376 seconds
Number of updated asset objects reloaded before import = 0
Number of asset objects unloaded after import = 9
========================================================================
Received Import Request.
  Time since last request: 0.000025 seconds.
  path: Assets/Resources/3DObjects/MainMapRegion/Enviornment/NewEnvironment/islands/campfireisland 1.fbx
  artifactKey: Guid(6f531661025762b44a669a27c79055ad) Importer(815301076,1909f56bfc062723c751e8b465ee728b)
Start importing Assets/Resources/3DObjects/MainMapRegion/Enviornment/NewEnvironment/islands/campfireisland 1.fbx using Guid(6f531661025762b44a669a27c79055ad) Importer(815301076,1909f56bfc062723c751e8b465ee728b)  -> (artifact id: '800ac5e77d44d163f71ecb761236c75f') in 0.101726 seconds
Number of updated asset objects reloaded before import = 0
Number of asset objects unloaded after import = 17
========================================================================
Received Import Request.
  Time since last request: 0.149731 seconds.
  path: Assets/Resources/3DObjects/MainMapRegion/Enviornment/NewEnvironment/Bridges/NewAqueduct.fbx
  artifactKey: Guid(1d8c2fe5bfea34206936dd3aa237cf3c) Importer(815301076,1909f56bfc062723c751e8b465ee728b)
Start importing Assets/Resources/3DObjects/MainMapRegion/Enviornment/NewEnvironment/Bridges/NewAqueduct.fbx using Guid(1d8c2fe5bfea34206936dd3aa237cf3c) Importer(815301076,1909f56bfc062723c751e8b465ee728b)  -> (artifact id: 'c012e925bec78d8f2dfea9813657ea47') in 0.095412 seconds
Number of updated asset objects reloaded before import = 0
Number of asset objects unloaded after import = 20
========================================================================
Received Import Request.
  Time since last request: 487.045252 seconds.
  path: Assets/Resources/Prefabs/GameManager.prefab
  artifactKey: Guid(0138d61d72b994a49af993e3a2a3d758) Importer(815301076,1909f56bfc062723c751e8b465ee728b)
Start importing Assets/Resources/Prefabs/GameManager.prefab using Guid(0138d61d72b994a49af993e3a2a3d758) Importer(815301076,1909f56bfc062723c751e8b465ee728b)  -> (artifact id: '779b7e23c9f8600afce84e735ba99e73') in 0.050539 seconds
Number of updated asset objects reloaded before import = 0
Number of asset objects unloaded after import = 110
========================================================================
Received Import Request.
  Time since last request: 6.849665 seconds.
  path: Assets/Resources/Prefabs/PhoebeFeet.prefab
  artifactKey: Guid(a75f7bae78b97462d9e9700c79d9994e) Importer(815301076,1909f56bfc062723c751e8b465ee728b)
Start importing Assets/Resources/Prefabs/PhoebeFeet.prefab using Guid(a75f7bae78b97462d9e9700c79d9994e) Importer(815301076,1909f56bfc062723c751e8b465ee728b)  -> (artifact id: 'd30b1b9e75cb2afb8e585b236fa1deff') in 0.043288 seconds
Number of updated asset objects reloaded before import = 0
Number of asset objects unloaded after import = 31
========================================================================
Received Import Request.
  Time since last request: 0.019155 seconds.
  path: Assets/Resources/Prefabs/PlayerDiviner.prefab
  artifactKey: Guid(cfbf84ccfdd4f41199839a4f5c5e6582) Importer(815301076,1909f56bfc062723c751e8b465ee728b)
Start importing Assets/Resources/Prefabs/PlayerDiviner.prefab using Guid(cfbf84ccfdd4f41199839a4f5c5e6582) Importer(815301076,1909f56bfc062723c751e8b465ee728b)  -> (artifact id: '52a354f33346ec05639c6fb75c737bec') in 0.032998 seconds
Number of updated asset objects reloaded before import = 0
Number of asset objects unloaded after import = 38
========================================================================
Received Import Request.
  Time since last request: 1.390239 seconds.
  path: Assets/Resources/Prefabs/ruins.prefab
  artifactKey: Guid(d84b47ac8e7fb4e05ad76013b2538c42) Importer(815301076,1909f56bfc062723c751e8b465ee728b)
Start importing Assets/Resources/Prefabs/ruins.prefab using Guid(d84b47ac8e7fb4e05ad76013b2538c42) Importer(815301076,1909f56bfc062723c751e8b465ee728b)  -> (artifact id: '0b8c7f833f92bc131a6f75474a427a73') in 0.084517 seconds
Number of updated asset objects reloaded before import = 0
Number of asset objects unloaded after import = 44
========================================================================
Received Import Request.
  Time since last request: 0.000023 seconds.
  path: Assets/Resources/Prefabs/ShadowDecal.prefab
  artifactKey: Guid(07ba59280d9db7340ba11823160cd01a) Importer(815301076,1909f56bfc062723c751e8b465ee728b)
Start importing Assets/Resources/Prefabs/ShadowDecal.prefab using Guid(07ba59280d9db7340ba11823160cd01a) Importer(815301076,1909f56bfc062723c751e8b465ee728b)  -> (artifact id: 'b047a7670f741a0b3ad3e50a8ef008a5') in 0.003414 seconds
Number of updated asset objects reloaded before import = 0
Number of asset objects unloaded after import = 6
========================================================================
Received Import Request.
  Time since last request: 0.457858 seconds.
  path: Assets/Resources/Prefabs/tesselationtess.prefab
  artifactKey: Guid(6aab47ab7b9874614bf72f90cae52d08) Importer(815301076,1909f56bfc062723c751e8b465ee728b)
Start importing Assets/Resources/Prefabs/tesselationtess.prefab using Guid(6aab47ab7b9874614bf72f90cae52d08) Importer(815301076,1909f56bfc062723c751e8b465ee728b)  -> (artifact id: 'fcde54dfc69add45cbfbdc018b45a605') in 0.054955 seconds
Number of updated asset objects reloaded before import = 0
Number of asset objects unloaded after import = 211
========================================================================
Received Import Request.
  Time since last request: 0.857947 seconds.
  path: Assets/Resources/Prefabs/tree01 1 (1).prefab
  artifactKey: Guid(0fed1fd8d98b849599049a40deac245f) Importer(815301076,1909f56bfc062723c751e8b465ee728b)
Start importing Assets/Resources/Prefabs/tree01 1 (1).prefab using Guid(0fed1fd8d98b849599049a40deac245f) Importer(815301076,1909f56bfc062723c751e8b465ee728b)  -> (artifact id: 'e05ef7a2aab35f3af152f835c94511c8') in 0.061731 seconds
Number of updated asset objects reloaded before import = 0
Number of asset objects unloaded after import = 99
========================================================================
Received Import Request.
  Time since last request: 0.000024 seconds.
  path: Assets/Resources/Prefabs/tree01 1 (3).prefab
  artifactKey: Guid(c7eccba55ea8846a5a9f97e8c06c40fe) Importer(815301076,1909f56bfc062723c751e8b465ee728b)
Start importing Assets/Resources/Prefabs/tree01 1 (3).prefab using Guid(c7eccba55ea8846a5a9f97e8c06c40fe) Importer(815301076,1909f56bfc062723c751e8b465ee728b)  -> (artifact id: '8ad8fbcc4722915a7b5fc3870f0454d6') in 0.029743 seconds
Number of updated asset objects reloaded before import = 0
Number of asset objects unloaded after import = 93
========================================================================
Received Import Request.
  Time since last request: 0.000031 seconds.
  path: Assets/Resources/Prefabs/tree01 1 (4).prefab
  artifactKey: Guid(159105dee39854553bf8bdb3b5df5c5f) Importer(815301076,1909f56bfc062723c751e8b465ee728b)
Start importing Assets/Resources/Prefabs/tree01 1 (4).prefab using Guid(159105dee39854553bf8bdb3b5df5c5f) Importer(815301076,1909f56bfc062723c751e8b465ee728b)  -> (artifact id: '8db0eda394c89990698b8af918292c44') in 0.037335 seconds
Number of updated asset objects reloaded before import = 0
Number of asset objects unloaded after import = 95
========================================================================
Received Import Request.
  Time since last request: 168.440153 seconds.
  path: Assets/TextMesh Pro/Fonts/Missaali-Regular SDF.asset
  artifactKey: Guid(3a5e01d7797fd4a4499949bce790f8b8) Importer(815301076,1909f56bfc062723c751e8b465ee728b)
Start importing Assets/TextMesh Pro/Fonts/Missaali-Regular SDF.asset using Guid(3a5e01d7797fd4a4499949bce790f8b8) Importer(815301076,1909f56bfc062723c751e8b465ee728b)  -> (artifact id: '1632d575cca2893e3e93100e2ff580f6') in 0.073316 seconds
Number of updated asset objects reloaded before import = 0
Number of asset objects unloaded after import = 7
========================================================================
Received Import Request.
  Time since last request: 0.000026 seconds.
  path: Assets/TextMesh Pro/Fonts/SyneTactile-Regular SDF.asset
  artifactKey: Guid(66875deae714c4113929be7d85ed4b7e) Importer(815301076,1909f56bfc062723c751e8b465ee728b)
Start importing Assets/TextMesh Pro/Fonts/SyneTactile-Regular SDF.asset using Guid(66875deae714c4113929be7d85ed4b7e) Importer(815301076,1909f56bfc062723c751e8b465ee728b)  -> (artifact id: 'fd2da5e28a15e84a46e93bf5e214dd2d') in 0.060134 seconds
Number of updated asset objects reloaded before import = 0
Number of asset objects unloaded after import = 7
Editor requested this worker to shutdown with reason: Scaling down because of idle timeout
TcpMessagingSession - receive error: operation aborted. errorcode: 995, details: The I/O operation has been aborted because of either a thread exit or an application request.
AssetImportWorker is now disconnected from the server
Process exiting
Exiting without the bug reporter. Application will terminate with return code 0